<?xml version="1.0" encoding="UTF-8"?>
<testsuite xmlns:xsi="http://www.w3.org/2001/XMLSchema-instance" xsi:noNamespaceSchemaLocation="https://maven.apache.org/surefire/maven-surefire-plugin/xsd/surefire-test-report-3.0.xsd" version="3.0" name="com.testing.SpringBootForDeployment.SpringBootForDeploymentApplicationTests" time="4.239" tests="1" errors="0" skipped="0" failures="0">
  <properties>
[...]
</properties>
  <testcase name="contextLoads" classname="com.testing.SpringBootForDeployment.SpringBootForDeploymentApplicationTests" time="1.35">
    <system-out><![CDATA[16:37:49.905 [main] INFO org.springframework.test.context.support.AnnotationConfigContextLoaderUtils -- Could not detect default configuration classes for test class [com.testing.SpringBootForDeployment.SpringBootForDeploymentApplicationTests]: SpringBootForDeploymentApplicationTests does not declare any static, non-private, non-final, nested classes annotated with @Configuration.
16:37:50.108 [main] INFO org.springframework.boot.test.context.SpringBootTestContextBootstrapper -- Found @SpringBootConfiguration com.testing.SpringBootForDeployment.SpringBootForDeploymentApplication for test class com.testing.SpringBootForDeployment.SpringBootForDeploymentApplicationTests
  .   ____          _            __ _ _
 /\\ / ___'_ __ _ _(_)_ __  __ _ \ \ \ \
( ( )\___ | '_ | '_| | '_ \/ _` | \ \ \ \
 \\/  ___)| |_)| | | | | || (_| |  ) ) ) )
  '  |____| .__|_| |_|_| |_\__, | / / / /
 =========|_|==============|___/=/_/_/_/

 :: Spring Boot ::       (v3.3.0-SNAPSHOT)

2024-03-26T16:37:50.719+05:30  INFO 20988 --- [SpringBootForDeployment] [           main] .SpringBootForDeploymentApplicationTests : Starting SpringBootForDeploymentApplicationTests using Java 17.0.7 with PID 20988 (started by pannamrajesh in C:\Users\pannamrajesh\OneDrive - Nagarro\Desktop\SpringBootForDeployment)
2024-03-26T16:37:50.722+05:30  INFO 20988 --- [SpringBootForDeployment] [           main] .SpringBootForDeploymentApplicationTests : No active profile set, falling back to 1 default profile: "default"
2024-03-26T16:37:52.550+05:30  INFO 20988 --- [SpringBootForDeployment] [           main] .SpringBootForDeploymentApplicationTests : Started SpringBootForDeploymentApplicationTests in 2.21 seconds (process running for 4.322)
]]></system-out>
  </testcase>
</testsuite>